TN:
SF:src/index.js
FNF:0
FNH:0
DA:9,1
DA:10,1
DA:21,1
LF:3
LH:3
BRF:0
BRH:0
end_of_record
TN:
SF:src/reportWebVitals.js
FN:1,(anonymous_0)
FN:3,(anonymous_1)
FNF:2
FNH:1
FNDA:2,(anonymous_0)
FNDA:0,(anonymous_1)
DA:1,2
DA:2,2
DA:3,0
DA:4,0
DA:5,0
DA:6,0
DA:7,0
DA:8,0
LF:8
LH:2
BRDA:2,0,0,0
BRDA:2,0,1,2
BRDA:2,1,0,2
BRDA:2,1,1,0
BRF:4
BRH:2
end_of_record
TN:
SF:src/components/App.js
FN:17,App
FN:22,(anonymous_1)
FN:43,(anonymous_2)
FN:50,(anonymous_3)
FN:56,(anonymous_4)
FN:57,(anonymous_5)
FNF:6
FNH:1
FNDA:1,App
FNDA:0,(anonymous_1)
FNDA:0,(anonymous_2)
FNDA:0,(anonymous_3)
FNDA:0,(anonymous_4)
FNDA:0,(anonymous_5)
DA:18,1
DA:19,1
DA:20,1
DA:22,1
DA:23,0
DA:24,0
DA:25,0
DA:26,0
DA:27,0
DA:28,0
DA:29,0
DA:30,0
DA:31,0
DA:32,0
DA:35,0
DA:36,0
DA:38,0
DA:39,0
DA:43,1
DA:44,0
DA:45,0
DA:46,0
DA:50,1
DA:51,0
DA:52,0
DA:53,0
DA:56,1
DA:57,0
DA:58,0
DA:61,1
LF:30
LH:8
BRDA:26,0,0,0
BRDA:26,0,1,0
BRDA:35,1,0,0
BRDA:35,1,1,0
BRDA:38,2,0,0
BRDA:38,2,1,0
BRF:6
BRH:0
end_of_record
TN:
SF:src/components/Basket.js
FN:6,(anonymous_0)
FN:11,(anonymous_1)
FN:17,(anonymous_2)
FNF:3
FNH:3
FNDA:3,(anonymous_0)
FNDA:2,(anonymous_1)
FNDA:1,(anonymous_2)
DA:7,3
DA:12,2
DA:17,1
DA:28,3
LF:4
LH:4
BRDA:11,0,0,3
BRDA:11,0,1,2
BRF:2
BRH:2
end_of_record
TN:
SF:src/components/Contact.js
FN:5,Contact
FNF:1
FNH:1
FNDA:1,Contact
DA:6,1
LF:1
LH:1
BRF:0
BRH:0
end_of_record
TN:
SF:src/components/Home.cy.js
FN:4,(anonymous_0)
FN:5,(anonymous_1)
FNF:2
FNH:0
FNDA:0,(anonymous_0)
FNDA:0,(anonymous_1)
DA:4,0
DA:5,0
DA:7,0
LF:3
LH:0
BRF:0
BRH:0
end_of_record
TN:
SF:src/components/Home.js
FN:10,(anonymous_0)
FN:16,(anonymous_1)
FN:21,(anonymous_2)
FN:29,(anonymous_3)
FN:38,(anonymous_4)
FN:46,(anonymous_5)
FN:47,(anonymous_6)
FN:57,(anonymous_7)
FNF:8
FNH:5
FNDA:6,(anonymous_0)
FNDA:6,(anonymous_1)
FNDA:6,(anonymous_2)
FNDA:6,(anonymous_3)
FNDA:6,(anonymous_4)
FNDA:0,(anonymous_5)
FNDA:0,(anonymous_6)
FNDA:0,(anonymous_7)
DA:11,6
DA:12,6
DA:13,6
DA:17,6
DA:18,0
DA:22,6
DA:30,6
DA:39,6
DA:47,0
DA:57,6
DA:58,0
LF:11
LH:8
BRF:0
BRH:0
end_of_record
TN:
SF:src/components/Login.js
FN:10,(anonymous_0)
FN:29,(anonymous_1)
FN:36,(anonymous_2)
FN:49,(anonymous_3)
FN:58,(anonymous_4)
FN:66,(anonymous_5)
FN:82,(anonymous_6)
FN:89,(anonymous_7)
FN:98,(anonymous_8)
FN:105,(anonymous_9)
FN:112,(anonymous_10)
FN:121,(anonymous_11)
FN:145,(anonymous_12)
FN:153,(anonymous_13)
FN:161,(anonymous_14)
FN:169,(anonymous_15)
FN:177,(anonymous_16)
FN:187,(anonymous_17)
FN:191,(anonymous_18)
FNF:19
FNH:2
FNDA:1,(anonymous_0)
FNDA:0,(anonymous_1)
FNDA:0,(anonymous_2)
FNDA:0,(anonymous_3)
FNDA:0,(anonymous_4)
FNDA:0,(anonymous_5)
FNDA:0,(anonymous_6)
FNDA:0,(anonymous_7)
FNDA:0,(anonymous_8)
FNDA:0,(anonymous_9)
FNDA:0,(anonymous_10)
FNDA:0,(anonymous_11)
FNDA:0,(anonymous_12)
FNDA:0,(anonymous_13)
FNDA:0,(anonymous_14)
FNDA:0,(anonymous_15)
FNDA:0,(anonymous_16)
FNDA:0,(anonymous_17)
FNDA:1,(anonymous_18)
DA:4,3
DA:5,3
DA:11,1
DA:12,1
DA:29,1
DA:30,0
DA:36,1
DA:37,0
DA:38,0
DA:39,0
DA:40,0
DA:42,0
DA:44,0
DA:50,0
DA:51,0
DA:52,0
DA:53,0
DA:55,0
DA:59,0
DA:60,0
DA:62,0
DA:66,1
DA:67,0
DA:68,0
DA:69,0
DA:70,0
DA:71,0
DA:74,0
DA:76,0
DA:83,0
DA:84,0
DA:86,0
DA:90,0
DA:91,0
DA:94,0
DA:98,1
DA:99,0
DA:101,0
DA:106,0
DA:107,0
DA:109,0
DA:113,0
DA:114,0
DA:117,0
DA:121,1
DA:145,1
DA:146,0
DA:153,1
DA:154,0
DA:161,1
DA:162,0
DA:169,1
DA:170,0
DA:177,1
DA:178,0
DA:184,0
DA:187,1
DA:192,1
LF:58
LH:16
BRDA:37,0,0,0
BRDA:37,0,1,0
BRDA:37,1,0,0
BRDA:37,1,1,0
BRDA:51,2,0,0
BRDA:51,2,1,0
BRDA:67,3,0,0
BRDA:67,3,1,0
BRDA:83,4,0,0
BRDA:83,4,1,0
BRDA:106,5,0,0
BRDA:106,5,1,0
BRF:12
BRH:0
end_of_record
TN:
SF:src/components/Navbar.js
FN:9,Navbar
FNF:1
FNH:1
FNDA:2,Navbar
DA:10,2
LF:1
LH:1
BRF:0
BRH:0
end_of_record
TN:
SF:src/components/PayPal.js
FN:3,Paypal
FN:7,(anonymous_1)
FN:11,(anonymous_2)
FN:25,(anonymous_3)
FN:29,(anonymous_4)
FNF:5
FNH:1
FNDA:1,Paypal
FNDA:0,(anonymous_1)
FNDA:0,(anonymous_2)
FNDA:0,(anonymous_3)
FNDA:0,(anonymous_4)
DA:4,1
DA:5,1
DA:7,1
DA:8,0
DA:9,0
DA:12,0
DA:26,0
DA:27,0
DA:30,0
DA:34,0
DA:38,1
LF:11
LH:4
BRDA:8,0,0,0
BRDA:8,0,1,0
BRF:2
BRH:0
end_of_record
TN:
SF:src/components/Purchase.js
FN:23,FutureTickets
FN:28,(anonymous_1)
FN:30,(anonymous_2)
FN:31,(anonymous_3)
FN:44,(anonymous_4)
FNF:5
FNH:1
FNDA:1,FutureTickets
FNDA:0,(anonymous_1)
FNDA:0,(anonymous_2)
FNDA:0,(anonymous_3)
FNDA:0,(anonymous_4)
DA:24,1
DA:28,1
DA:29,0
DA:30,0
DA:32,0
DA:38,1
DA:45,0
LF:7
LH:3
BRF:0
BRH:0
end_of_record
TN:
SF:src/components/Events/Event.js
FN:8,(anonymous_0)
FNF:1
FNH:1
FNDA:1,(anonymous_0)
DA:9,1
DA:20,4
LF:2
LH:2
BRF:0
BRH:0
end_of_record
TN:
SF:src/components/Events/EventDetails.js
FN:9,(anonymous_0)
FN:16,(anonymous_1)
FN:23,(anonymous_2)
FN:66,(anonymous_3)
FN:71,(anonymous_4)
FNF:5
FNH:3
FNDA:1,(anonymous_0)
FNDA:1,(anonymous_1)
FNDA:1,(anonymous_2)
FNDA:0,(anonymous_3)
FNDA:0,(anonymous_4)
DA:10,1
DA:11,1
DA:12,1
DA:17,1
DA:18,1
DA:19,1
DA:20,0
DA:24,1
DA:25,1
DA:26,1
DA:28,0
DA:67,0
DA:72,0
DA:91,3
LF:14
LH:10
BRDA:25,0,0,1
BRDA:25,0,1,0
BRF:2
BRH:1
end_of_record
TN:
SF:src/components/Societies/CreateSocietyForm.jsx
FN:6,(anonymous_0)
FN:16,(anonymous_1)
FNF:2
FNH:1
FNDA:0,(anonymous_0)
FNDA:1,(anonymous_1)
DA:6,1
DA:7,0
DA:9,0
DA:12,1
DA:17,1
LF:5
LH:3
BRF:0
BRH:0
end_of_record
TN:
SF:src/components/Societies/EditSocietyForm.jsx
FN:7,(anonymous_0)
FNF:1
FNH:1
FNDA:1,(anonymous_0)
DA:6,1
DA:8,1
LF:2
LH:2
BRF:0
BRH:0
end_of_record
TN:
SF:src/components/Societies/SearchSocieties.jsx
FN:17,(anonymous_0)
FN:21,(anonymous_1)
FN:25,(anonymous_2)
FN:45,(anonymous_3)
FNF:4
FNH:2
FNDA:0,(anonymous_0)
FNDA:0,(anonymous_1)
FNDA:1,(anonymous_2)
FNDA:5,(anonymous_3)
DA:10,1
DA:17,1
DA:18,0
DA:21,1
DA:22,0
DA:26,1
DA:28,1
DA:30,1
DA:46,5
LF:9
LH:7
BRF:0
BRH:0
end_of_record
TN:
SF:src/components/Societies/ViewSociety.jsx
FN:4,(anonymous_0)
FNF:1
FNH:1
FNDA:1,(anonymous_0)
DA:4,3
DA:5,1
DA:7,1
LF:3
LH:3
BRF:0
BRH:0
end_of_record
TN:
SF:src/components/Societies/ChangeSocietyMembers/AddCommitteeMember.jsx
FN:4,(anonymous_0)
FN:7,(anonymous_1)
FN:14,(anonymous_2)
FN:18,(anonymous_3)
FNF:4
FNH:1
FNDA:1,(anonymous_0)
FNDA:0,(anonymous_1)
FNDA:0,(anonymous_2)
FNDA:0,(anonymous_3)
DA:4,3
DA:5,1
DA:7,1
DA:8,0
DA:9,0
DA:10,0
DA:13,1
DA:14,0
DA:18,0
DA:27,3
LF:10
LH:5
BRF:0
BRH:0
end_of_record
TN:
SF:src/components/Societies/ChangeSocietyMembers/EditSocietyCommittee.jsx
FN:6,(anonymous_0)
FN:15,(anonymous_1)
FN:17,(anonymous_2)
FN:17,(anonymous_3)
FN:23,(anonymous_4)
FN:24,(anonymous_5)
FN:28,(anonymous_6)
FN:34,(anonymous_7)
FNF:8
FNH:2
FNDA:1,(anonymous_0)
FNDA:0,(anonymous_1)
FNDA:0,(anonymous_2)
FNDA:0,(anonymous_3)
FNDA:0,(anonymous_4)
FNDA:0,(anonymous_5)
FNDA:0,(anonymous_6)
FNDA:3,(anonymous_7)
DA:6,3
DA:7,1
DA:13,1
DA:15,1
DA:16,0
DA:17,0
DA:19,0
DA:23,1
DA:24,0
DA:28,0
DA:31,1
DA:35,3
LF:12
LH:7
BRDA:16,0,0,0
BRDA:16,0,1,0
BRF:2
BRH:0
end_of_record
TN:
SF:src/components/Societies/ChangeSocietyMembers/Member.jsx
FN:3,(anonymous_0)
FN:9,(anonymous_1)
FNF:2
FNH:1
FNDA:3,(anonymous_0)
FNDA:0,(anonymous_1)
DA:3,3
DA:4,3
DA:9,0
LF:3
LH:2
BRF:0
BRH:0
end_of_record
TN:
SF:src/components/common/Input.jsx
FN:3,(anonymous_0)
FNF:1
FNH:1
FNDA:14,(anonymous_0)
DA:3,4
DA:4,14
LF:2
LH:2
BRF:0
BRH:0
end_of_record
TN:
SF:src/components/common/Pagination.jsx
FN:5,(anonymous_0)
FN:14,(anonymous_1)
FN:21,(anonymous_2)
FNF:3
FNH:2
FNDA:2,(anonymous_0)
FNDA:3,(anonymous_1)
FNDA:0,(anonymous_2)
DA:5,4
DA:6,2
DA:7,2
DA:8,2
DA:9,2
DA:11,2
DA:15,3
DA:21,0
DA:31,4
LF:9
LH:8
BRDA:8,0,0,0
BRDA:8,0,1,2
BRDA:18,1,0,1
BRDA:18,1,1,2
BRF:4
BRH:3
end_of_record
TN:
SF:src/components/common/Searchbar.js
FN:4,(anonymous_0)
FN:12,(anonymous_1)
FNF:2
FNH:1
FNDA:2,(anonymous_0)
FNDA:0,(anonymous_1)
DA:4,4
DA:5,2
DA:12,0
DA:17,4
LF:4
LH:3
BRF:0
BRH:0
end_of_record
TN:
SF:src/components/orgManagement/OrganisationSignUp.js
FN:9,(anonymous_0)
FN:23,(anonymous_1)
FN:30,(anonymous_2)
FN:34,(anonymous_3)
FN:41,(anonymous_4)
FN:50,(anonymous_5)
FN:58,(anonymous_6)
FN:65,(anonymous_7)
FNF:8
FNH:2
FNDA:1,(anonymous_0)
FNDA:0,(anonymous_1)
FNDA:0,(anonymous_2)
FNDA:0,(anonymous_3)
FNDA:0,(anonymous_4)
FNDA:0,(anonymous_5)
FNDA:0,(anonymous_6)
FNDA:1,(anonymous_7)
DA:4,1
DA:10,1
DA:11,1
DA:23,1
DA:24,0
DA:30,1
DA:31,0
DA:33,0
DA:35,0
DA:36,0
DA:38,0
DA:42,0
DA:43,0
DA:46,0
DA:50,1
DA:51,0
DA:58,1
DA:59,0
DA:62,0
DA:66,1
LF:20
LH:8
BRDA:35,0,0,0
BRDA:35,0,1,0
BRF:2
BRH:0
end_of_record
TN:
SF:src/societies/fakeSocieties.js
FN:108,getSocieties
FN:112,getSociety
FN:113,(anonymous_2)
FNF:3
FNH:1
FNDA:1,getSocieties
FNDA:0,getSociety
FNDA:0,(anonymous_2)
DA:3,3
DA:109,1
DA:113,0
LF:3
LH:2
BRF:0
BRH:0
end_of_record
TN:
SF:src/societies/fakeSocietyCategories.js
FN:7,getCategories
FN:8,(anonymous_1)
FNF:2
FNH:0
FNDA:0,getCategories
FNDA:0,(anonymous_1)
DA:1,0
DA:8,0
LF:2
LH:0
BRF:0
BRH:0
end_of_record
TN:
SF:src/utils/EventsLogic.js
FN:5,(anonymous_0)
FN:17,(anonymous_1)
FNF:2
FNH:2
FNDA:21,(anonymous_0)
FNDA:26,(anonymous_1)
DA:2,6
DA:5,6
DA:6,21
DA:7,21
DA:8,15
DA:9,15
DA:10,15
DA:12,0
DA:17,6
DA:18,26
DA:19,26
DA:20,23
DA:21,23
DA:23,1
LF:14
LH:13
BRF:0
BRH:0
end_of_record
TN:
SF:src/utils/jwt.js
FN:8,(anonymous_0)
FN:12,(anonymous_1)
FN:16,(anonymous_2)
FN:41,(anonymous_3)
FN:43,(anonymous_4)
FN:46,(anonymous_5)
FNF:6
FNH:3
FNDA:3,(anonymous_0)
FNDA:2,(anonymous_1)
FNDA:1,(anonymous_2)
FNDA:0,(anonymous_3)
FNDA:0,(anonymous_4)
FNDA:0,(anonymous_5)
DA:2,4
DA:8,4
DA:9,3
DA:12,4
DA:13,2
DA:16,4
DA:17,1
DA:41,4
DA:42,0
DA:44,0
DA:48,0
DA:49,0
DA:50,0
LF:13
LH:8
BRF:0
BRH:0
end_of_record
TN:
SF:src/utils/paginate.js
FN:3,paginate
FNF:1
FNH:1
FNDA:2,paginate
DA:4,2
DA:5,2
LF:2
LH:2
BRF:0
BRH:0
end_of_record
