{"/Users/muzamilali/5CCS2SEG/TeamTeam-BookingApp/client/src/index.js": {"path":"/Users/muzamilali/5CCS2SEG/TeamTeam-BookingApp/client/src/index.js","statementMap":{"0":{"start":{"line":9,"column":13},"end":{"line":9,"column":65}},"1":{"start":{"line":10,"column":0},"end":{"line":16,"column":2}},"2":{"start":{"line":21,"column":0},"end":{"line":21,"column":18}}},"fnMap":{},"branchMap":{},"s":{"0":1,"1":1,"2":1},"f":{},"b":{},"_coverageSchema":"1a1c01bbd47fc00a2c39e90264f33305004495a9","hash":"d646ece12c8d72f108df8dfe99587b5497d33122"}
,"/Users/muzamilali/5CCS2SEG/TeamTeam-BookingApp/client/src/reportWebVitals.js": {"path":"/Users/muzamilali/5CCS2SEG/TeamTeam-BookingApp/client/src/reportWebVitals.js","statementMap":{"0":{"start":{"line":1,"column":24},"end":{"line":11,"column":1}},"1":{"start":{"line":2,"column":2},"end":{"line":10,"column":3}},"2":{"start":{"line":3,"column":4},"end":{"line":9,"column":7}},"3":{"start":{"line":4,"column":6},"end":{"line":4,"column":26}},"4":{"start":{"line":5,"column":6},"end":{"line":5,"column":26}},"5":{"start":{"line":6,"column":6},"end":{"line":6,"column":26}},"6":{"start":{"line":7,"column":6},"end":{"line":7,"column":26}},"7":{"start":{"line":8,"column":6},"end":{"line":8,"column":27}}},"fnMap":{"0":{"name":"(anonymous_0)","decl":{"start":{"line":1,"column":24},"end":{"line":1,"column":25}},"loc":{"start":{"line":1,"column":39},"end":{"line":11,"column":1}},"line":1},"1":{"name":"(anonymous_1)","decl":{"start":{"line":3,"column":30},"end":{"line":3,"column":31}},"loc":{"start":{"line":3,"column":79},"end":{"line":9,"column":5}},"line":3}},"branchMap":{"0":{"loc":{"start":{"line":2,"column":2},"end":{"line":10,"column":3}},"type":"if","locations":[{"start":{"line":2,"column":2},"end":{"line":10,"column":3}},{"start":{"line":2,"column":2},"end":{"line":10,"column":3}}],"line":2},"1":{"loc":{"start":{"line":2,"column":6},"end":{"line":2,"column":52}},"type":"binary-expr","locations":[{"start":{"line":2,"column":6},"end":{"line":2,"column":17}},{"start":{"line":2,"column":21},"end":{"line":2,"column":52}}],"line":2}},"s":{"0":1,"1":1,"2":0,"3":0,"4":0,"5":0,"6":0,"7":0},"f":{"0":1,"1":0},"b":{"0":[0,1],"1":[1,0]},"_coverageSchema":"1a1c01bbd47fc00a2c39e90264f33305004495a9","hash":"1c1ac17fca8e5c2e7ce3308f2e63c00d7dcca365"}
,"/Users/muzamilali/5CCS2SEG/TeamTeam-BookingApp/client/src/components/App.js": {"path":"/Users/muzamilali/5CCS2SEG/TeamTeam-BookingApp/client/src/components/App.js","statementMap":{"0":{"start":{"line":18,"column":32},"end":{"line":18,"column":44}},"1":{"start":{"line":19,"column":34},"end":{"line":19,"column":45}},"2":{"start":{"line":20,"column":38},"end":{"line":20,"column":49}},"3":{"start":{"line":22,"column":2},"end":{"line":41,"column":9}},"4":{"start":{"line":23,"column":26},"end":{"line":23,"column":59}},"5":{"start":{"line":24,"column":27},"end":{"line":24,"column":61}},"6":{"start":{"line":25,"column":29},"end":{"line":25,"column":65}},"7":{"start":{"line":26,"column":4},"end":{"line":34,"column":5}},"8":{"start":{"line":27,"column":6},"end":{"line":27,"column":44}},"9":{"start":{"line":28,"column":6},"end":{"line":28,"column":37}},"10":{"start":{"line":29,"column":6},"end":{"line":29,"column":27}},"11":{"start":{"line":30,"column":6},"end":{"line":30,"column":36}},"12":{"start":{"line":31,"column":6},"end":{"line":31,"column":45}},"13":{"start":{"line":32,"column":6},"end":{"line":32,"column":33}},"14":{"start":{"line":35,"column":4},"end":{"line":37,"column":5}},"15":{"start":{"line":36,"column":6},"end":{"line":36,"column":46}},"16":{"start":{"line":38,"column":4},"end":{"line":40,"column":5}},"17":{"start":{"line":39,"column":6},"end":{"line":39,"column":50}},"18":{"start":{"line":43,"column":2},"end":{"line":47,"column":38}},"19":{"start":{"line":44,"column":4},"end":{"line":44,"column":63}},"20":{"start":{"line":45,"column":4},"end":{"line":45,"column":65}},"21":{"start":{"line":46,"column":4},"end":{"line":46,"column":69}},"22":{"start":{"line":50,"column":20},"end":{"line":54,"column":3}},"23":{"start":{"line":51,"column":4},"end":{"line":51,"column":55}},"24":{"start":{"line":52,"column":4},"end":{"line":52,"column":30}},"25":{"start":{"line":53,"column":4},"end":{"line":53,"column":45}},"26":{"start":{"line":56,"column":23},"end":{"line":59,"column":3}},"27":{"start":{"line":57,"column":4},"end":{"line":57,"column":58}},"28":{"start":{"line":57,"column":37},"end":{"line":57,"column":55}},"29":{"start":{"line":58,"column":4},"end":{"line":58,"column":52}},"30":{"start":{"line":61,"column":2},"end":{"line":77,"column":4}}},"fnMap":{"0":{"name":"App","decl":{"start":{"line":17,"column":9},"end":{"line":17,"column":12}},"loc":{"start":{"line":17,"column":15},"end":{"line":78,"column":1}},"line":17},"1":{"name":"(anonymous_1)","decl":{"start":{"line":22,"column":12},"end":{"line":22,"column":13}},"loc":{"start":{"line":22,"column":18},"end":{"line":41,"column":3}},"line":22},"2":{"name":"(anonymous_2)","decl":{"start":{"line":43,"column":12},"end":{"line":43,"column":13}},"loc":{"start":{"line":43,"column":18},"end":{"line":47,"column":3}},"line":43},"3":{"name":"(anonymous_3)","decl":{"start":{"line":50,"column":20},"end":{"line":50,"column":21}},"loc":{"start":{"line":50,"column":32},"end":{"line":54,"column":3}},"line":50},"4":{"name":"(anonymous_4)","decl":{"start":{"line":56,"column":23},"end":{"line":56,"column":24}},"loc":{"start":{"line":56,"column":35},"end":{"line":59,"column":3}},"line":56},"5":{"name":"(anonymous_5)","decl":{"start":{"line":57,"column":30},"end":{"line":57,"column":31}},"loc":{"start":{"line":57,"column":37},"end":{"line":57,"column":55}},"line":57}},"branchMap":{"0":{"loc":{"start":{"line":26,"column":4},"end":{"line":34,"column":5}},"type":"if","locations":[{"start":{"line":26,"column":4},"end":{"line":34,"column":5}},{"start":{"line":26,"column":4},"end":{"line":34,"column":5}}],"line":26},"1":{"loc":{"start":{"line":35,"column":4},"end":{"line":37,"column":5}},"type":"if","locations":[{"start":{"line":35,"column":4},"end":{"line":37,"column":5}},{"start":{"line":35,"column":4},"end":{"line":37,"column":5}}],"line":35},"2":{"loc":{"start":{"line":38,"column":4},"end":{"line":40,"column":5}},"type":"if","locations":[{"start":{"line":38,"column":4},"end":{"line":40,"column":5}},{"start":{"line":38,"column":4},"end":{"line":40,"column":5}}],"line":38}},"s":{"0":4,"1":4,"2":4,"3":4,"4":2,"5":2,"6":2,"7":2,"8":1,"9":1,"10":1,"11":1,"12":1,"13":1,"14":2,"15":1,"16":2,"17":1,"18":4,"19":3,"20":3,"21":3,"22":4,"23":0,"24":0,"25":0,"26":4,"27":0,"28":0,"29":0,"30":4},"f":{"0":4,"1":2,"2":3,"3":0,"4":0,"5":0},"b":{"0":[1,1],"1":[1,1],"2":[1,1]},"_coverageSchema":"1a1c01bbd47fc00a2c39e90264f33305004495a9","hash":"a10eb9d8af97aebff85179654e1cabb9c0532f52"}
,"/Users/muzamilali/5CCS2SEG/TeamTeam-BookingApp/client/src/components/Basket.js": {"path":"/Users/muzamilali/5CCS2SEG/TeamTeam-BookingApp/client/src/components/Basket.js","statementMap":{"0":{"start":{"line":7,"column":4},"end":{"line":24,"column":6}},"1":{"start":{"line":12,"column":8},"end":{"line":19,"column":13}},"2":{"start":{"line":17,"column":95},"end":{"line":17,"column":126}},"3":{"start":{"line":28,"column":0},"end":{"line":32,"column":2}}},"fnMap":{"0":{"name":"(anonymous_0)","decl":{"start":{"line":6,"column":2},"end":{"line":6,"column":3}},"loc":{"start":{"line":6,"column":11},"end":{"line":25,"column":3}},"line":6},"1":{"name":"(anonymous_1)","decl":{"start":{"line":11,"column":52},"end":{"line":11,"column":53}},"loc":{"start":{"line":12,"column":8},"end":{"line":19,"column":13}},"line":12},"2":{"name":"(anonymous_2)","decl":{"start":{"line":17,"column":89},"end":{"line":17,"column":90}},"loc":{"start":{"line":17,"column":95},"end":{"line":17,"column":126}},"line":17}},"branchMap":{"0":{"loc":{"start":{"line":11,"column":7},"end":{"line":20,"column":8}},"type":"binary-expr","locations":[{"start":{"line":11,"column":7},"end":{"line":11,"column":25}},{"start":{"line":11,"column":29},"end":{"line":20,"column":8}}],"line":11}},"s":{"0":0,"1":0,"2":0,"3":1},"f":{"0":0,"1":0,"2":0},"b":{"0":[0,0]},"_coverageSchema":"1a1c01bbd47fc00a2c39e90264f33305004495a9","hash":"bacd5e3e410f518fdd41720d93c6d6d9b0c06d71"}
,"/Users/muzamilali/5CCS2SEG/TeamTeam-BookingApp/client/src/components/Contact.js": {"path":"/Users/muzamilali/5CCS2SEG/TeamTeam-BookingApp/client/src/components/Contact.js","statementMap":{"0":{"start":{"line":6,"column":4},"end":{"line":13,"column":5}}},"fnMap":{"0":{"name":"Contact","decl":{"start":{"line":5,"column":9},"end":{"line":5,"column":16}},"loc":{"start":{"line":5,"column":18},"end":{"line":14,"column":1}},"line":5}},"branchMap":{},"s":{"0":0},"f":{"0":0},"b":{},"_coverageSchema":"1a1c01bbd47fc00a2c39e90264f33305004495a9","hash":"914f6624f8d92a43f203227241fdb0bb4d606754"}
,"/Users/muzamilali/5CCS2SEG/TeamTeam-BookingApp/client/src/components/Home.js": {"path":"/Users/muzamilali/5CCS2SEG/TeamTeam-BookingApp/client/src/components/Home.js","statementMap":{"0":{"start":{"line":11,"column":8},"end":{"line":11,"column":21}},"1":{"start":{"line":12,"column":8},"end":{"line":12,"column":31}},"2":{"start":{"line":13,"column":8},"end":{"line":13,"column":25}},"3":{"start":{"line":17,"column":23},"end":{"line":17,"column":40}},"4":{"start":{"line":18,"column":8},"end":{"line":18,"column":37}},"5":{"start":{"line":22,"column":8},"end":{"line":26,"column":9}},"6":{"start":{"line":30,"column":8},"end":{"line":34,"column":9}},"7":{"start":{"line":39,"column":8},"end":{"line":54,"column":9}},"8":{"start":{"line":47,"column":28},"end":{"line":49,"column":33}},"9":{"start":{"line":47,"column":60},"end":{"line":47,"column":86}},"10":{"start":{"line":57,"column":17},"end":{"line":59,"column":5}},"11":{"start":{"line":58,"column":8},"end":{"line":58,"column":67}}},"fnMap":{"0":{"name":"(anonymous_0)","decl":{"start":{"line":10,"column":4},"end":{"line":10,"column":5}},"loc":{"start":{"line":10,"column":23},"end":{"line":14,"column":5}},"line":10},"1":{"name":"(anonymous_1)","decl":{"start":{"line":16,"column":4},"end":{"line":16,"column":5}},"loc":{"start":{"line":16,"column":22},"end":{"line":19,"column":5}},"line":16},"2":{"name":"(anonymous_2)","decl":{"start":{"line":21,"column":4},"end":{"line":21,"column":5}},"loc":{"start":{"line":21,"column":14},"end":{"line":27,"column":5}},"line":21},"3":{"name":"(anonymous_3)","decl":{"start":{"line":29,"column":4},"end":{"line":29,"column":5}},"loc":{"start":{"line":29,"column":15},"end":{"line":36,"column":5}},"line":29},"4":{"name":"(anonymous_4)","decl":{"start":{"line":38,"column":4},"end":{"line":38,"column":5}},"loc":{"start":{"line":38,"column":12},"end":{"line":55,"column":5}},"line":38},"5":{"name":"(anonymous_5)","decl":{"start":{"line":46,"column":45},"end":{"line":46,"column":46}},"loc":{"start":{"line":47,"column":28},"end":{"line":49,"column":33}},"line":47},"6":{"name":"(anonymous_6)","decl":{"start":{"line":47,"column":56},"end":{"line":47,"column":57}},"loc":{"start":{"line":47,"column":60},"end":{"line":47,"column":86}},"line":47},"7":{"name":"(anonymous_7)","decl":{"start":{"line":57,"column":17},"end":{"line":57,"column":18}},"loc":{"start":{"line":57,"column":30},"end":{"line":59,"column":5}},"line":57}},"branchMap":{},"s":{"0":2,"1":2,"2":2,"3":2,"4":0,"5":4,"6":4,"7":4,"8":0,"9":0,"10":2,"11":0},"f":{"0":2,"1":2,"2":4,"3":4,"4":4,"5":0,"6":0,"7":0},"b":{},"_coverageSchema":"1a1c01bbd47fc00a2c39e90264f33305004495a9","hash":"be6e2fca2ab4fe34dccee8d0ae40278603a58144"}
,"/Users/muzamilali/5CCS2SEG/TeamTeam-BookingApp/client/src/components/Login.js": {"path":"/Users/muzamilali/5CCS2SEG/TeamTeam-BookingApp/client/src/components/Login.js","statementMap":{"0":{"start":{"line":4,"column":14},"end":{"line":4,"column":38}},"1":{"start":{"line":5,"column":22},"end":{"line":5,"column":48}},"2":{"start":{"line":11,"column":4},"end":{"line":11,"column":17}},"3":{"start":{"line":12,"column":4},"end":{"line":25,"column":6}},"4":{"start":{"line":29,"column":17},"end":{"line":33,"column":3}},"5":{"start":{"line":30,"column":4},"end":{"line":32,"column":7}},"6":{"start":{"line":36,"column":22},"end":{"line":63,"column":3}},"7":{"start":{"line":37,"column":4},"end":{"line":41,"column":5}},"8":{"start":{"line":38,"column":6},"end":{"line":38,"column":34}},"9":{"start":{"line":39,"column":6},"end":{"line":39,"column":54}},"10":{"start":{"line":40,"column":6},"end":{"line":40,"column":19}},"11":{"start":{"line":42,"column":4},"end":{"line":42,"column":27}},"12":{"start":{"line":44,"column":4},"end":{"line":61,"column":9}},"13":{"start":{"line":50,"column":8},"end":{"line":50,"column":41}},"14":{"start":{"line":51,"column":8},"end":{"line":56,"column":9}},"15":{"start":{"line":52,"column":10},"end":{"line":52,"column":54}},"16":{"start":{"line":53,"column":10},"end":{"line":53,"column":39}},"17":{"start":{"line":55,"column":10},"end":{"line":55,"column":62}},"18":{"start":{"line":59,"column":8},"end":{"line":59,"column":35}},"19":{"start":{"line":60,"column":8},"end":{"line":60,"column":65}},"20":{"start":{"line":62,"column":4},"end":{"line":62,"column":17}},"21":{"start":{"line":66,"column":23},"end":{"line":95,"column":3}},"22":{"start":{"line":67,"column":4},"end":{"line":72,"column":5}},"23":{"start":{"line":68,"column":6},"end":{"line":68,"column":44}},"24":{"start":{"line":69,"column":6},"end":{"line":69,"column":54}},"25":{"start":{"line":70,"column":6},"end":{"line":70,"column":26}},"26":{"start":{"line":71,"column":6},"end":{"line":71,"column":19}},"27":{"start":{"line":74,"column":4},"end":{"line":74,"column":27}},"28":{"start":{"line":76,"column":4},"end":{"line":92,"column":9}},"29":{"start":{"line":83,"column":8},"end":{"line":87,"column":9}},"30":{"start":{"line":84,"column":10},"end":{"line":84,"column":71}},"31":{"start":{"line":86,"column":10},"end":{"line":86,"column":62}},"32":{"start":{"line":90,"column":8},"end":{"line":90,"column":35}},"33":{"start":{"line":91,"column":8},"end":{"line":91,"column":65}},"34":{"start":{"line":94,"column":4},"end":{"line":94,"column":17}},"35":{"start":{"line":98,"column":23},"end":{"line":118,"column":3}},"36":{"start":{"line":99,"column":4},"end":{"line":99,"column":27}},"37":{"start":{"line":101,"column":4},"end":{"line":115,"column":9}},"38":{"start":{"line":106,"column":8},"end":{"line":110,"column":9}},"39":{"start":{"line":107,"column":10},"end":{"line":107,"column":74}},"40":{"start":{"line":109,"column":10},"end":{"line":109,"column":62}},"41":{"start":{"line":113,"column":8},"end":{"line":113,"column":35}},"42":{"start":{"line":114,"column":8},"end":{"line":114,"column":65}},"43":{"start":{"line":117,"column":4},"end":{"line":117,"column":17}},"44":{"start":{"line":121,"column":30},"end":{"line":142,"column":3}},"45":{"start":{"line":145,"column":17},"end":{"line":150,"column":3}},"46":{"start":{"line":146,"column":4},"end":{"line":149,"column":7}},"47":{"start":{"line":153,"column":17},"end":{"line":158,"column":3}},"48":{"start":{"line":154,"column":4},"end":{"line":157,"column":7}},"49":{"start":{"line":161,"column":24},"end":{"line":166,"column":3}},"50":{"start":{"line":162,"column":4},"end":{"line":165,"column":7}},"51":{"start":{"line":169,"column":16},"end":{"line":174,"column":3}},"52":{"start":{"line":170,"column":4},"end":{"line":173,"column":7}},"53":{"start":{"line":177,"column":17},"end":{"line":185,"column":3}},"54":{"start":{"line":178,"column":4},"end":{"line":183,"column":7}},"55":{"start":{"line":184,"column":4},"end":{"line":184,"column":17}},"56":{"start":{"line":187,"column":17},"end":{"line":187,"column":25}},"57":{"start":{"line":192,"column":4},"end":{"line":388,"column":6}}},"fnMap":{"0":{"name":"(anonymous_0)","decl":{"start":{"line":10,"column":2},"end":{"line":10,"column":3}},"loc":{"start":{"line":10,"column":21},"end":{"line":26,"column":3}},"line":10},"1":{"name":"(anonymous_1)","decl":{"start":{"line":29,"column":17},"end":{"line":29,"column":18}},"loc":{"start":{"line":29,"column":28},"end":{"line":33,"column":3}},"line":29},"2":{"name":"(anonymous_2)","decl":{"start":{"line":36,"column":22},"end":{"line":36,"column":23}},"loc":{"start":{"line":36,"column":33},"end":{"line":63,"column":3}},"line":36},"3":{"name":"(anonymous_3)","decl":{"start":{"line":49,"column":12},"end":{"line":49,"column":13}},"loc":{"start":{"line":49,"column":26},"end":{"line":57,"column":7}},"line":49},"4":{"name":"(anonymous_4)","decl":{"start":{"line":58,"column":13},"end":{"line":58,"column":14}},"loc":{"start":{"line":58,"column":24},"end":{"line":61,"column":7}},"line":58},"5":{"name":"(anonymous_5)","decl":{"start":{"line":66,"column":23},"end":{"line":66,"column":24}},"loc":{"start":{"line":66,"column":34},"end":{"line":95,"column":3}},"line":66},"6":{"name":"(anonymous_6)","decl":{"start":{"line":82,"column":12},"end":{"line":82,"column":13}},"loc":{"start":{"line":82,"column":26},"end":{"line":88,"column":7}},"line":82},"7":{"name":"(anonymous_7)","decl":{"start":{"line":89,"column":13},"end":{"line":89,"column":14}},"loc":{"start":{"line":89,"column":24},"end":{"line":92,"column":7}},"line":89},"8":{"name":"(anonymous_8)","decl":{"start":{"line":98,"column":23},"end":{"line":98,"column":24}},"loc":{"start":{"line":98,"column":34},"end":{"line":118,"column":3}},"line":98},"9":{"name":"(anonymous_9)","decl":{"start":{"line":105,"column":12},"end":{"line":105,"column":13}},"loc":{"start":{"line":105,"column":26},"end":{"line":111,"column":7}},"line":105},"10":{"name":"(anonymous_10)","decl":{"start":{"line":112,"column":13},"end":{"line":112,"column":14}},"loc":{"start":{"line":112,"column":24},"end":{"line":115,"column":7}},"line":112},"11":{"name":"(anonymous_11)","decl":{"start":{"line":121,"column":30},"end":{"line":121,"column":31}},"loc":{"start":{"line":121,"column":36},"end":{"line":142,"column":3}},"line":121},"12":{"name":"(anonymous_12)","decl":{"start":{"line":145,"column":17},"end":{"line":145,"column":18}},"loc":{"start":{"line":145,"column":23},"end":{"line":150,"column":3}},"line":145},"13":{"name":"(anonymous_13)","decl":{"start":{"line":153,"column":17},"end":{"line":153,"column":18}},"loc":{"start":{"line":153,"column":23},"end":{"line":158,"column":3}},"line":153},"14":{"name":"(anonymous_14)","decl":{"start":{"line":161,"column":24},"end":{"line":161,"column":25}},"loc":{"start":{"line":161,"column":30},"end":{"line":166,"column":3}},"line":161},"15":{"name":"(anonymous_15)","decl":{"start":{"line":169,"column":16},"end":{"line":169,"column":17}},"loc":{"start":{"line":169,"column":29},"end":{"line":174,"column":3}},"line":169},"16":{"name":"(anonymous_16)","decl":{"start":{"line":177,"column":17},"end":{"line":177,"column":18}},"loc":{"start":{"line":177,"column":23},"end":{"line":185,"column":3}},"line":177},"17":{"name":"(anonymous_17)","decl":{"start":{"line":187,"column":17},"end":{"line":187,"column":18}},"loc":{"start":{"line":187,"column":23},"end":{"line":187,"column":25}},"line":187},"18":{"name":"(anonymous_18)","decl":{"start":{"line":191,"column":2},"end":{"line":191,"column":3}},"loc":{"start":{"line":191,"column":11},"end":{"line":389,"column":3}},"line":191}},"branchMap":{"0":{"loc":{"start":{"line":37,"column":4},"end":{"line":41,"column":5}},"type":"if","locations":[{"start":{"line":37,"column":4},"end":{"line":41,"column":5}},{"start":{"line":37,"column":4},"end":{"line":41,"column":5}}],"line":37},"1":{"loc":{"start":{"line":37,"column":8},"end":{"line":37,"column":64}},"type":"binary-expr","locations":[{"start":{"line":37,"column":8},"end":{"line":37,"column":34}},{"start":{"line":37,"column":38},"end":{"line":37,"column":64}}],"line":37},"2":{"loc":{"start":{"line":51,"column":8},"end":{"line":56,"column":9}},"type":"if","locations":[{"start":{"line":51,"column":8},"end":{"line":56,"column":9}},{"start":{"line":51,"column":8},"end":{"line":56,"column":9}}],"line":51},"3":{"loc":{"start":{"line":67,"column":4},"end":{"line":72,"column":5}},"type":"if","locations":[{"start":{"line":67,"column":4},"end":{"line":72,"column":5}},{"start":{"line":67,"column":4},"end":{"line":72,"column":5}}],"line":67},"4":{"loc":{"start":{"line":83,"column":8},"end":{"line":87,"column":9}},"type":"if","locations":[{"start":{"line":83,"column":8},"end":{"line":87,"column":9}},{"start":{"line":83,"column":8},"end":{"line":87,"column":9}}],"line":83},"5":{"loc":{"start":{"line":106,"column":8},"end":{"line":110,"column":9}},"type":"if","locations":[{"start":{"line":106,"column":8},"end":{"line":110,"column":9}},{"start":{"line":106,"column":8},"end":{"line":110,"column":9}}],"line":106}},"s":{"0":1,"1":1,"2":0,"3":0,"4":0,"5":0,"6":0,"7":0,"8":0,"9":0,"10":0,"11":0,"12":0,"13":0,"14":0,"15":0,"16":0,"17":0,"18":0,"19":0,"20":0,"21":0,"22":0,"23":0,"24":0,"25":0,"26":0,"27":0,"28":0,"29":0,"30":0,"31":0,"32":0,"33":0,"34":0,"35":0,"36":0,"37":0,"38":0,"39":0,"40":0,"41":0,"42":0,"43":0,"44":0,"45":0,"46":0,"47":0,"48":0,"49":0,"50":0,"51":0,"52":0,"53":0,"54":0,"55":0,"56":0,"57":0},"f":{"0":0,"1":0,"2":0,"3":0,"4":0,"5":0,"6":0,"7":0,"8":0,"9":0,"10":0,"11":0,"12":0,"13":0,"14":0,"15":0,"16":0,"17":0,"18":0},"b":{"0":[0,0],"1":[0,0],"2":[0,0],"3":[0,0],"4":[0,0],"5":[0,0]},"_coverageSchema":"1a1c01bbd47fc00a2c39e90264f33305004495a9","hash":"08b4358b152ccecea523d92a0292bd5085a8badb"}
,"/Users/muzamilali/5CCS2SEG/TeamTeam-BookingApp/client/src/components/Navbar.js": {"path":"/Users/muzamilali/5CCS2SEG/TeamTeam-BookingApp/client/src/components/Navbar.js","statementMap":{"0":{"start":{"line":10,"column":4},"end":{"line":23,"column":5}}},"fnMap":{"0":{"name":"Navbar","decl":{"start":{"line":9,"column":9},"end":{"line":9,"column":15}},"loc":{"start":{"line":9,"column":18},"end":{"line":24,"column":1}},"line":9}},"branchMap":{},"s":{"0":4},"f":{"0":4},"b":{},"_coverageSchema":"1a1c01bbd47fc00a2c39e90264f33305004495a9","hash":"55cc0a9bfb3fea66a808c0369b2edae8410fb0ec"}
,"/Users/muzamilali/5CCS2SEG/TeamTeam-BookingApp/client/src/components/Events/Event.js": {"path":"/Users/muzamilali/5CCS2SEG/TeamTeam-BookingApp/client/src/components/Events/Event.js","statementMap":{"0":{"start":{"line":9,"column":4},"end":{"line":16,"column":6}},"1":{"start":{"line":20,"column":0},"end":{"line":26,"column":2}}},"fnMap":{"0":{"name":"(anonymous_0)","decl":{"start":{"line":8,"column":2},"end":{"line":8,"column":3}},"loc":{"start":{"line":8,"column":11},"end":{"line":17,"column":3}},"line":8}},"branchMap":{},"s":{"0":0,"1":1},"f":{"0":0},"b":{},"_coverageSchema":"1a1c01bbd47fc00a2c39e90264f33305004495a9","hash":"cbb6f3bf245d950e7934229d381bec9bdce29beb"}
,"/Users/muzamilali/5CCS2SEG/TeamTeam-BookingApp/client/src/components/Events/EventDetails.js": {"path":"/Users/muzamilali/5CCS2SEG/TeamTeam-BookingApp/client/src/components/Events/EventDetails.js","statementMap":{"0":{"start":{"line":10,"column":4},"end":{"line":10,"column":17}},"1":{"start":{"line":11,"column":4},"end":{"line":11,"column":29}},"2":{"start":{"line":12,"column":4},"end":{"line":12,"column":21}},"3":{"start":{"line":17,"column":25},"end":{"line":17,"column":68}},"4":{"start":{"line":18,"column":20},"end":{"line":18,"column":57}},"5":{"start":{"line":19,"column":18},"end":{"line":19,"column":45}},"6":{"start":{"line":20,"column":4},"end":{"line":20,"column":35}},"7":{"start":{"line":24,"column":18},"end":{"line":24,"column":33}},"8":{"start":{"line":25,"column":4},"end":{"line":27,"column":5}},"9":{"start":{"line":26,"column":6},"end":{"line":26,"column":35}},"10":{"start":{"line":28,"column":4},"end":{"line":87,"column":5}},"11":{"start":{"line":67,"column":16},"end":{"line":77,"column":22}},"12":{"start":{"line":72,"column":20},"end":{"line":76,"column":24}},"13":{"start":{"line":91,"column":0},"end":{"line":93,"column":2}}},"fnMap":{"0":{"name":"(anonymous_0)","decl":{"start":{"line":9,"column":2},"end":{"line":9,"column":3}},"loc":{"start":{"line":9,"column":20},"end":{"line":13,"column":3}},"line":9},"1":{"name":"(anonymous_1)","decl":{"start":{"line":16,"column":2},"end":{"line":16,"column":3}},"loc":{"start":{"line":16,"column":20},"end":{"line":21,"column":3}},"line":16},"2":{"name":"(anonymous_2)","decl":{"start":{"line":23,"column":2},"end":{"line":23,"column":3}},"loc":{"start":{"line":23,"column":10},"end":{"line":88,"column":3}},"line":23},"3":{"name":"(anonymous_3)","decl":{"start":{"line":66,"column":37},"end":{"line":66,"column":38}},"loc":{"start":{"line":66,"column":53},"end":{"line":78,"column":15}},"line":66},"4":{"name":"(anonymous_4)","decl":{"start":{"line":71,"column":57},"end":{"line":71,"column":58}},"loc":{"start":{"line":72,"column":20},"end":{"line":76,"column":24}},"line":72}},"branchMap":{"0":{"loc":{"start":{"line":25,"column":4},"end":{"line":27,"column":5}},"type":"if","locations":[{"start":{"line":25,"column":4},"end":{"line":27,"column":5}},{"start":{"line":25,"column":4},"end":{"line":27,"column":5}}],"line":25}},"s":{"0":0,"1":0,"2":0,"3":0,"4":0,"5":0,"6":0,"7":0,"8":0,"9":0,"10":0,"11":0,"12":0,"13":1},"f":{"0":0,"1":0,"2":0,"3":0,"4":0},"b":{"0":[0,0]},"_coverageSchema":"1a1c01bbd47fc00a2c39e90264f33305004495a9","hash":"e776569e2227e3bfe1b6b2d866383ea63b58f9c6"}
,"/Users/muzamilali/5CCS2SEG/TeamTeam-BookingApp/client/src/components/Societies/CreateSocietyForm.jsx": {"path":"/Users/muzamilali/5CCS2SEG/TeamTeam-BookingApp/client/src/components/Societies/CreateSocietyForm.jsx","statementMap":{"0":{"start":{"line":6,"column":17},"end":{"line":10,"column":3}},"1":{"start":{"line":7,"column":4},"end":{"line":7,"column":23}},"2":{"start":{"line":9,"column":4},"end":{"line":9,"column":35}},"3":{"start":{"line":12,"column":11},"end":{"line":14,"column":3}},"4":{"start":{"line":17,"column":4},"end":{"line":75,"column":6}}},"fnMap":{"0":{"name":"(anonymous_0)","decl":{"start":{"line":6,"column":17},"end":{"line":6,"column":18}},"loc":{"start":{"line":6,"column":24},"end":{"line":10,"column":3}},"line":6},"1":{"name":"(anonymous_1)","decl":{"start":{"line":16,"column":2},"end":{"line":16,"column":3}},"loc":{"start":{"line":16,"column":11},"end":{"line":76,"column":3}},"line":16}},"branchMap":{},"s":{"0":0,"1":0,"2":0,"3":0,"4":0},"f":{"0":0,"1":0},"b":{},"_coverageSchema":"1a1c01bbd47fc00a2c39e90264f33305004495a9","hash":"60ec34fd6722698b6a51d28329e00b0750001cec"}
,"/Users/muzamilali/5CCS2SEG/TeamTeam-BookingApp/client/src/components/Societies/EditSocietyForm.jsx": {"path":"/Users/muzamilali/5CCS2SEG/TeamTeam-BookingApp/client/src/components/Societies/EditSocietyForm.jsx","statementMap":{"0":{"start":{"line":6,"column":10},"end":{"line":6,"column":12}},"1":{"start":{"line":8,"column":4},"end":{"line":70,"column":6}}},"fnMap":{"0":{"name":"(anonymous_0)","decl":{"start":{"line":7,"column":2},"end":{"line":7,"column":3}},"loc":{"start":{"line":7,"column":11},"end":{"line":71,"column":3}},"line":7}},"branchMap":{},"s":{"0":0,"1":0},"f":{"0":0},"b":{},"_coverageSchema":"1a1c01bbd47fc00a2c39e90264f33305004495a9","hash":"728f8f8879a575e074a7546f1210a3fab7ba7889"}
,"/Users/muzamilali/5CCS2SEG/TeamTeam-BookingApp/client/src/components/Societies/SearchSocieties.jsx": {"path":"/Users/muzamilali/5CCS2SEG/TeamTeam-BookingApp/client/src/components/Societies/SearchSocieties.jsx","statementMap":{"0":{"start":{"line":10,"column":10},"end":{"line":15,"column":3}},"1":{"start":{"line":17,"column":21},"end":{"line":19,"column":3}},"2":{"start":{"line":18,"column":4},"end":{"line":18,"column":41}},"3":{"start":{"line":21,"column":17},"end":{"line":23,"column":3}},"4":{"start":{"line":22,"column":4},"end":{"line":22,"column":58}},"5":{"start":{"line":26,"column":38},"end":{"line":26,"column":48}},"6":{"start":{"line":28,"column":22},"end":{"line":28,"column":75}},"7":{"start":{"line":30,"column":4},"end":{"line":76,"column":6}},"8":{"start":{"line":46,"column":14},"end":{"line":56,"column":19}}},"fnMap":{"0":{"name":"(anonymous_0)","decl":{"start":{"line":17,"column":21},"end":{"line":17,"column":22}},"loc":{"start":{"line":17,"column":31},"end":{"line":19,"column":3}},"line":17},"1":{"name":"(anonymous_1)","decl":{"start":{"line":21,"column":17},"end":{"line":21,"column":18}},"loc":{"start":{"line":21,"column":28},"end":{"line":23,"column":3}},"line":21},"2":{"name":"(anonymous_2)","decl":{"start":{"line":25,"column":2},"end":{"line":25,"column":3}},"loc":{"start":{"line":25,"column":11},"end":{"line":77,"column":3}},"line":25},"3":{"name":"(anonymous_3)","decl":{"start":{"line":45,"column":27},"end":{"line":45,"column":28}},"loc":{"start":{"line":46,"column":14},"end":{"line":56,"column":19}},"line":46}},"branchMap":{},"s":{"0":0,"1":0,"2":0,"3":0,"4":0,"5":0,"6":0,"7":0,"8":0},"f":{"0":0,"1":0,"2":0,"3":0},"b":{},"_coverageSchema":"1a1c01bbd47fc00a2c39e90264f33305004495a9","hash":"8ddbb9c4e77018c74eef3a50d446ba95828d2810"}
,"/Users/muzamilali/5CCS2SEG/TeamTeam-BookingApp/client/src/components/Societies/ViewSociety.jsx": {"path":"/Users/muzamilali/5CCS2SEG/TeamTeam-BookingApp/client/src/components/Societies/ViewSociety.jsx","statementMap":{"0":{"start":{"line":4,"column":20},"end":{"line":62,"column":1}},"1":{"start":{"line":5,"column":19},"end":{"line":5,"column":30}},"2":{"start":{"line":7,"column":2},"end":{"line":61,"column":4}}},"fnMap":{"0":{"name":"(anonymous_0)","decl":{"start":{"line":4,"column":20},"end":{"line":4,"column":21}},"loc":{"start":{"line":4,"column":26},"end":{"line":62,"column":1}},"line":4}},"branchMap":{},"s":{"0":1,"1":0,"2":0},"f":{"0":0},"b":{},"_coverageSchema":"1a1c01bbd47fc00a2c39e90264f33305004495a9","hash":"f690bed5edbeefefa15ec0bfac4d1dc82591fa7a"}
,"/Users/muzamilali/5CCS2SEG/TeamTeam-BookingApp/client/src/components/Societies/ChangeSocietyMembers/AddCommitteeMember.jsx": {"path":"/Users/muzamilali/5CCS2SEG/TeamTeam-BookingApp/client/src/components/Societies/ChangeSocietyMembers/AddCommitteeMember.jsx","statementMap":{"0":{"start":{"line":4,"column":27},"end":{"line":25,"column":1}},"1":{"start":{"line":5,"column":28},"end":{"line":5,"column":46}},"2":{"start":{"line":7,"column":23},"end":{"line":11,"column":3}},"3":{"start":{"line":8,"column":4},"end":{"line":8,"column":27}},"4":{"start":{"line":9,"column":4},"end":{"line":9,"column":27}},"5":{"start":{"line":10,"column":4},"end":{"line":10,"column":17}},"6":{"start":{"line":13,"column":2},"end":{"line":24,"column":4}},"7":{"start":{"line":14,"column":31},"end":{"line":14,"column":50}},"8":{"start":{"line":18,"column":29},"end":{"line":18,"column":57}},"9":{"start":{"line":27,"column":0},"end":{"line":29,"column":2}}},"fnMap":{"0":{"name":"(anonymous_0)","decl":{"start":{"line":4,"column":27},"end":{"line":4,"column":28}},"loc":{"start":{"line":4,"column":38},"end":{"line":25,"column":1}},"line":4},"1":{"name":"(anonymous_1)","decl":{"start":{"line":7,"column":23},"end":{"line":7,"column":24}},"loc":{"start":{"line":7,"column":34},"end":{"line":11,"column":3}},"line":7},"2":{"name":"(anonymous_2)","decl":{"start":{"line":14,"column":20},"end":{"line":14,"column":21}},"loc":{"start":{"line":14,"column":31},"end":{"line":14,"column":50}},"line":14},"3":{"name":"(anonymous_3)","decl":{"start":{"line":18,"column":18},"end":{"line":18,"column":19}},"loc":{"start":{"line":18,"column":29},"end":{"line":18,"column":57}},"line":18}},"branchMap":{},"s":{"0":1,"1":0,"2":0,"3":0,"4":0,"5":0,"6":0,"7":0,"8":0,"9":1},"f":{"0":0,"1":0,"2":0,"3":0},"b":{},"_coverageSchema":"1a1c01bbd47fc00a2c39e90264f33305004495a9","hash":"eb85060e0caaff319c6e2f68e22975fcf9b794b0"}
,"/Users/muzamilali/5CCS2SEG/TeamTeam-BookingApp/client/src/components/Societies/ChangeSocietyMembers/EditSocietyCommittee.jsx": {"path":"/Users/muzamilali/5CCS2SEG/TeamTeam-BookingApp/client/src/components/Societies/ChangeSocietyMembers/EditSocietyCommittee.jsx","statementMap":{"0":{"start":{"line":6,"column":29},"end":{"line":45,"column":1}},"1":{"start":{"line":7,"column":32},"end":{"line":11,"column":4}},"2":{"start":{"line":13,"column":40},"end":{"line":13,"column":57}},"3":{"start":{"line":15,"column":29},"end":{"line":21,"column":3}},"4":{"start":{"line":16,"column":4},"end":{"line":20,"column":5}},"5":{"start":{"line":17,"column":6},"end":{"line":17,"column":74}},"6":{"start":{"line":17,"column":34},"end":{"line":17,"column":72}},"7":{"start":{"line":17,"column":60},"end":{"line":17,"column":71}},"8":{"start":{"line":19,"column":6},"end":{"line":19,"column":61}},"9":{"start":{"line":23,"column":26},"end":{"line":29,"column":3}},"10":{"start":{"line":24,"column":4},"end":{"line":27,"column":7}},"11":{"start":{"line":24,"column":32},"end":{"line":27,"column":5}},"12":{"start":{"line":28,"column":4},"end":{"line":28,"column":43}},"13":{"start":{"line":28,"column":31},"end":{"line":28,"column":41}},"14":{"start":{"line":31,"column":2},"end":{"line":44,"column":4}},"15":{"start":{"line":35,"column":8},"end":{"line":40,"column":10}}},"fnMap":{"0":{"name":"(anonymous_0)","decl":{"start":{"line":6,"column":29},"end":{"line":6,"column":30}},"loc":{"start":{"line":6,"column":35},"end":{"line":45,"column":1}},"line":6},"1":{"name":"(anonymous_1)","decl":{"start":{"line":15,"column":29},"end":{"line":15,"column":30}},"loc":{"start":{"line":15,"column":37},"end":{"line":21,"column":3}},"line":15},"2":{"name":"(anonymous_2)","decl":{"start":{"line":17,"column":17},"end":{"line":17,"column":18}},"loc":{"start":{"line":17,"column":34},"end":{"line":17,"column":72}},"line":17},"3":{"name":"(anonymous_3)","decl":{"start":{"line":17,"column":53},"end":{"line":17,"column":54}},"loc":{"start":{"line":17,"column":60},"end":{"line":17,"column":71}},"line":17},"4":{"name":"(anonymous_4)","decl":{"start":{"line":23,"column":26},"end":{"line":23,"column":27}},"loc":{"start":{"line":23,"column":37},"end":{"line":29,"column":3}},"line":23},"5":{"name":"(anonymous_5)","decl":{"start":{"line":24,"column":15},"end":{"line":24,"column":16}},"loc":{"start":{"line":24,"column":32},"end":{"line":27,"column":5}},"line":24},"6":{"name":"(anonymous_6)","decl":{"start":{"line":28,"column":19},"end":{"line":28,"column":20}},"loc":{"start":{"line":28,"column":31},"end":{"line":28,"column":41}},"line":28},"7":{"name":"(anonymous_7)","decl":{"start":{"line":34,"column":19},"end":{"line":34,"column":20}},"loc":{"start":{"line":35,"column":8},"end":{"line":40,"column":10}},"line":35}},"branchMap":{"0":{"loc":{"start":{"line":16,"column":4},"end":{"line":20,"column":5}},"type":"if","locations":[{"start":{"line":16,"column":4},"end":{"line":20,"column":5}},{"start":{"line":16,"column":4},"end":{"line":20,"column":5}}],"line":16}},"s":{"0":1,"1":0,"2":0,"3":0,"4":0,"5":0,"6":0,"7":0,"8":0,"9":0,"10":0,"11":0,"12":0,"13":0,"14":0,"15":0},"f":{"0":0,"1":0,"2":0,"3":0,"4":0,"5":0,"6":0,"7":0},"b":{"0":[0,0]},"_coverageSchema":"1a1c01bbd47fc00a2c39e90264f33305004495a9","hash":"1d5fd52320624ec8801f5d0d744a7b74813718bb"}
,"/Users/muzamilali/5CCS2SEG/TeamTeam-BookingApp/client/src/components/Societies/ChangeSocietyMembers/Member.jsx": {"path":"/Users/muzamilali/5CCS2SEG/TeamTeam-BookingApp/client/src/components/Societies/ChangeSocietyMembers/Member.jsx","statementMap":{"0":{"start":{"line":3,"column":15},"end":{"line":19,"column":1}},"1":{"start":{"line":4,"column":2},"end":{"line":18,"column":4}},"2":{"start":{"line":9,"column":25},"end":{"line":9,"column":53}}},"fnMap":{"0":{"name":"(anonymous_0)","decl":{"start":{"line":3,"column":15},"end":{"line":3,"column":16}},"loc":{"start":{"line":3,"column":26},"end":{"line":19,"column":1}},"line":3},"1":{"name":"(anonymous_1)","decl":{"start":{"line":9,"column":19},"end":{"line":9,"column":20}},"loc":{"start":{"line":9,"column":25},"end":{"line":9,"column":53}},"line":9}},"branchMap":{},"s":{"0":1,"1":0,"2":0},"f":{"0":0,"1":0},"b":{},"_coverageSchema":"1a1c01bbd47fc00a2c39e90264f33305004495a9","hash":"4e6db98d7381a7078e614eeb0a7946ed1c396cab"}
,"/Users/muzamilali/5CCS2SEG/TeamTeam-BookingApp/client/src/components/common/Input.jsx": {"path":"/Users/muzamilali/5CCS2SEG/TeamTeam-BookingApp/client/src/components/common/Input.jsx","statementMap":{"0":{"start":{"line":3,"column":14},"end":{"line":17,"column":1}},"1":{"start":{"line":4,"column":2},"end":{"line":16,"column":4}}},"fnMap":{"0":{"name":"(anonymous_0)","decl":{"start":{"line":3,"column":14},"end":{"line":3,"column":15}},"loc":{"start":{"line":3,"column":25},"end":{"line":17,"column":1}},"line":3}},"branchMap":{},"s":{"0":1,"1":0},"f":{"0":0},"b":{},"_coverageSchema":"1a1c01bbd47fc00a2c39e90264f33305004495a9","hash":"f88dbd9b0e1c00af29f9551791d478333dbfc2d8"}
,"/Users/muzamilali/5CCS2SEG/TeamTeam-BookingApp/client/src/components/common/Pagination.jsx": {"path":"/Users/muzamilali/5CCS2SEG/TeamTeam-BookingApp/client/src/components/common/Pagination.jsx","statementMap":{"0":{"start":{"line":5,"column":19},"end":{"line":29,"column":1}},"1":{"start":{"line":6,"column":76},"end":{"line":6,"column":81}},"2":{"start":{"line":7,"column":20},"end":{"line":7,"column":54}},"3":{"start":{"line":8,"column":2},"end":{"line":8,"column":35}},"4":{"start":{"line":8,"column":23},"end":{"line":8,"column":35}},"5":{"start":{"line":9,"column":16},"end":{"line":9,"column":41}},"6":{"start":{"line":11,"column":2},"end":{"line":28,"column":4}},"7":{"start":{"line":15,"column":10},"end":{"line":24,"column":15}},"8":{"start":{"line":21,"column":52},"end":{"line":21,"column":70}},"9":{"start":{"line":31,"column":0},"end":{"line":36,"column":2}}},"fnMap":{"0":{"name":"(anonymous_0)","decl":{"start":{"line":5,"column":19},"end":{"line":5,"column":20}},"loc":{"start":{"line":5,"column":30},"end":{"line":29,"column":1}},"line":5},"1":{"name":"(anonymous_1)","decl":{"start":{"line":14,"column":19},"end":{"line":14,"column":20}},"loc":{"start":{"line":15,"column":10},"end":{"line":24,"column":15}},"line":15},"2":{"name":"(anonymous_2)","decl":{"start":{"line":21,"column":46},"end":{"line":21,"column":47}},"loc":{"start":{"line":21,"column":52},"end":{"line":21,"column":70}},"line":21}},"branchMap":{"0":{"loc":{"start":{"line":8,"column":2},"end":{"line":8,"column":35}},"type":"if","locations":[{"start":{"line":8,"column":2},"end":{"line":8,"column":35}},{"start":{"line":8,"column":2},"end":{"line":8,"column":35}}],"line":8},"1":{"loc":{"start":{"line":18,"column":14},"end":{"line":18,"column":69}},"type":"cond-expr","locations":[{"start":{"line":18,"column":37},"end":{"line":18,"column":55}},{"start":{"line":18,"column":58},"end":{"line":18,"column":69}}],"line":18}},"s":{"0":1,"1":0,"2":0,"3":0,"4":0,"5":0,"6":0,"7":0,"8":0,"9":1},"f":{"0":0,"1":0,"2":0},"b":{"0":[0,0],"1":[0,0]},"_coverageSchema":"1a1c01bbd47fc00a2c39e90264f33305004495a9","hash":"a5879c7e37acf59308c68275f962f254451b2033"}
,"/Users/muzamilali/5CCS2SEG/TeamTeam-BookingApp/client/src/components/common/Searchbar.js": {"path":"/Users/muzamilali/5CCS2SEG/TeamTeam-BookingApp/client/src/components/common/Searchbar.js","statementMap":{"0":{"start":{"line":4,"column":18},"end":{"line":15,"column":1}},"1":{"start":{"line":5,"column":2},"end":{"line":14,"column":4}},"2":{"start":{"line":12,"column":23},"end":{"line":12,"column":54}},"3":{"start":{"line":17,"column":0},"end":{"line":20,"column":2}}},"fnMap":{"0":{"name":"(anonymous_0)","decl":{"start":{"line":4,"column":18},"end":{"line":4,"column":19}},"loc":{"start":{"line":4,"column":43},"end":{"line":15,"column":1}},"line":4},"1":{"name":"(anonymous_1)","decl":{"start":{"line":12,"column":16},"end":{"line":12,"column":17}},"loc":{"start":{"line":12,"column":23},"end":{"line":12,"column":54}},"line":12}},"branchMap":{},"s":{"0":1,"1":0,"2":0,"3":1},"f":{"0":0,"1":0},"b":{},"_coverageSchema":"1a1c01bbd47fc00a2c39e90264f33305004495a9","hash":"1430a0930d0e5be51842240ab7997764cfc09399"}
,"/Users/muzamilali/5CCS2SEG/TeamTeam-BookingApp/client/src/societies/fakeSocieties.js": {"path":"/Users/muzamilali/5CCS2SEG/TeamTeam-BookingApp/client/src/societies/fakeSocieties.js","statementMap":{"0":{"start":{"line":3,"column":18},"end":{"line":106,"column":1}},"1":{"start":{"line":109,"column":2},"end":{"line":109,"column":19}},"2":{"start":{"line":113,"column":2},"end":{"line":113,"column":44}},"3":{"start":{"line":113,"column":31},"end":{"line":113,"column":42}}},"fnMap":{"0":{"name":"getSocieties","decl":{"start":{"line":108,"column":16},"end":{"line":108,"column":28}},"loc":{"start":{"line":108,"column":31},"end":{"line":110,"column":1}},"line":108},"1":{"name":"getSociety","decl":{"start":{"line":112,"column":16},"end":{"line":112,"column":26}},"loc":{"start":{"line":112,"column":31},"end":{"line":114,"column":1}},"line":112},"2":{"name":"(anonymous_2)","decl":{"start":{"line":113,"column":24},"end":{"line":113,"column":25}},"loc":{"start":{"line":113,"column":31},"end":{"line":113,"column":42}},"line":113}},"branchMap":{},"s":{"0":1,"1":0,"2":0,"3":0},"f":{"0":0,"1":0,"2":0},"b":{},"_coverageSchema":"1a1c01bbd47fc00a2c39e90264f33305004495a9","hash":"568d58e5f02879160f73f409e60cb9e1f937937c"}
,"/Users/muzamilali/5CCS2SEG/TeamTeam-BookingApp/client/src/utils/EventsLogic.js": {"path":"/Users/muzamilali/5CCS2SEG/TeamTeam-BookingApp/client/src/utils/EventsLogic.js","statementMap":{"0":{"start":{"line":2,"column":14},"end":{"line":2,"column":38}},"1":{"start":{"line":5,"column":25},"end":{"line":14,"column":1}},"2":{"start":{"line":6,"column":2},"end":{"line":13,"column":3}},"3":{"start":{"line":7,"column":21},"end":{"line":7,"column":68}},"4":{"start":{"line":8,"column":24},"end":{"line":8,"column":43}},"5":{"start":{"line":9,"column":19},"end":{"line":9,"column":37}},"6":{"start":{"line":10,"column":4},"end":{"line":10,"column":18}},"7":{"start":{"line":12,"column":4},"end":{"line":12,"column":16}},"8":{"start":{"line":17,"column":28},"end":{"line":25,"column":1}},"9":{"start":{"line":18,"column":2},"end":{"line":24,"column":3}},"10":{"start":{"line":19,"column":21},"end":{"line":19,"column":89}},"11":{"start":{"line":20,"column":18},"end":{"line":20,"column":37}},"12":{"start":{"line":21,"column":4},"end":{"line":21,"column":17}},"13":{"start":{"line":23,"column":4},"end":{"line":23,"column":16}}},"fnMap":{"0":{"name":"(anonymous_0)","decl":{"start":{"line":5,"column":25},"end":{"line":5,"column":26}},"loc":{"start":{"line":5,"column":37},"end":{"line":14,"column":1}},"line":5},"1":{"name":"(anonymous_1)","decl":{"start":{"line":17,"column":28},"end":{"line":17,"column":29}},"loc":{"start":{"line":17,"column":47},"end":{"line":25,"column":1}},"line":17}},"branchMap":{},"s":{"0":1,"1":1,"2":2,"3":2,"4":0,"5":0,"6":0,"7":0,"8":1,"9":0,"10":0,"11":0,"12":0,"13":0},"f":{"0":2,"1":0},"b":{},"_coverageSchema":"1a1c01bbd47fc00a2c39e90264f33305004495a9","hash":"93d67c620d9d31f10a344b779e7d3f92594be55f"}
,"/Users/muzamilali/5CCS2SEG/TeamTeam-BookingApp/client/src/utils/jwt.js": {"path":"/Users/muzamilali/5CCS2SEG/TeamTeam-BookingApp/client/src/utils/jwt.js","statementMap":{"0":{"start":{"line":2,"column":14},"end":{"line":2,"column":38}},"1":{"start":{"line":8,"column":24},"end":{"line":10,"column":1}},"2":{"start":{"line":9,"column":4},"end":{"line":9,"column":41}},"3":{"start":{"line":12,"column":24},"end":{"line":14,"column":1}},"4":{"start":{"line":13,"column":4},"end":{"line":13,"column":41}},"5":{"start":{"line":16,"column":27},"end":{"line":18,"column":1}},"6":{"start":{"line":17,"column":4},"end":{"line":17,"column":37}},"7":{"start":{"line":41,"column":32},"end":{"line":52,"column":1}},"8":{"start":{"line":42,"column":4},"end":{"line":51,"column":11}},"9":{"start":{"line":44,"column":12},"end":{"line":44,"column":42}},"10":{"start":{"line":48,"column":12},"end":{"line":48,"column":26}},"11":{"start":{"line":49,"column":12},"end":{"line":49,"column":44}},"12":{"start":{"line":50,"column":12},"end":{"line":50,"column":39}}},"fnMap":{"0":{"name":"(anonymous_0)","decl":{"start":{"line":8,"column":24},"end":{"line":8,"column":25}},"loc":{"start":{"line":8,"column":30},"end":{"line":10,"column":1}},"line":8},"1":{"name":"(anonymous_1)","decl":{"start":{"line":12,"column":24},"end":{"line":12,"column":25}},"loc":{"start":{"line":12,"column":35},"end":{"line":14,"column":1}},"line":12},"2":{"name":"(anonymous_2)","decl":{"start":{"line":16,"column":27},"end":{"line":16,"column":28}},"loc":{"start":{"line":16,"column":33},"end":{"line":18,"column":1}},"line":16},"3":{"name":"(anonymous_3)","decl":{"start":{"line":41,"column":32},"end":{"line":41,"column":33}},"loc":{"start":{"line":41,"column":38},"end":{"line":52,"column":1}},"line":41},"4":{"name":"(anonymous_4)","decl":{"start":{"line":43,"column":14},"end":{"line":43,"column":15}},"loc":{"start":{"line":43,"column":26},"end":{"line":45,"column":9}},"line":43},"5":{"name":"(anonymous_5)","decl":{"start":{"line":46,"column":15},"end":{"line":46,"column":16}},"loc":{"start":{"line":46,"column":24},"end":{"line":51,"column":9}},"line":46}},"branchMap":{},"s":{"0":1,"1":1,"2":0,"3":1,"4":0,"5":1,"6":0,"7":1,"8":0,"9":0,"10":0,"11":0,"12":0},"f":{"0":0,"1":0,"2":0,"3":0,"4":0,"5":0},"b":{},"_coverageSchema":"1a1c01bbd47fc00a2c39e90264f33305004495a9","hash":"92f90134f497cc3c50b18415da61847d0c361767"}
,"/Users/muzamilali/5CCS2SEG/TeamTeam-BookingApp/client/src/utils/paginate.js": {"path":"/Users/muzamilali/5CCS2SEG/TeamTeam-BookingApp/client/src/utils/paginate.js","statementMap":{"0":{"start":{"line":4,"column":21},"end":{"line":4,"column":48}},"1":{"start":{"line":5,"column":2},"end":{"line":5,"column":59}}},"fnMap":{"0":{"name":"paginate","decl":{"start":{"line":3,"column":16},"end":{"line":3,"column":24}},"loc":{"start":{"line":3,"column":54},"end":{"line":6,"column":1}},"line":3}},"branchMap":{},"s":{"0":0,"1":0},"f":{"0":0},"b":{},"_coverageSchema":"1a1c01bbd47fc00a2c39e90264f33305004495a9","hash":"eb8fc2c2a23e0afba81e29284ad9b896517b6f3f"}
}
