{"total": {"lines":{"total":223,"covered":65,"skipped":0,"pct":29.14},"statements":{"total":231,"covered":65,"skipped":0,"pct":28.13},"functions":{"total":86,"covered":11,"skipped":0,"pct":12.79},"branches":{"total":32,"covered":8,"skipped":0,"pct":25},"branchesTrue":{"total":0,"covered":0,"skipped":0,"pct":100}}
,"/Users/muzamilali/5CCS2SEG/TeamTeam-BookingApp/client/src/index.js": {"lines":{"total":3,"covered":3,"skipped":0,"pct":100},"functions":{"total":0,"covered":0,"skipped":0,"pct":100},"statements":{"total":3,"covered":3,"skipped":0,"pct":100},"branches":{"total":0,"covered":0,"skipped":0,"pct":100}}
,"/Users/muzamilali/5CCS2SEG/TeamTeam-BookingApp/client/src/reportWebVitals.js": {"lines":{"total":8,"covered":2,"skipped":0,"pct":25},"functions":{"total":2,"covered":1,"skipped":0,"pct":50},"statements":{"total":8,"covered":2,"skipped":0,"pct":25},"branches":{"total":4,"covered":2,"skipped":0,"pct":50}}
,"/Users/muzamilali/5CCS2SEG/TeamTeam-BookingApp/client/src/components/App.js": {"lines":{"total":30,"covered":25,"skipped":0,"pct":83.33},"functions":{"total":6,"covered":3,"skipped":0,"pct":50},"statements":{"total":31,"covered":25,"skipped":0,"pct":80.64},"branches":{"total":6,"covered":6,"skipped":0,"pct":100}}
,"/Users/muzamilali/5CCS2SEG/TeamTeam-BookingApp/client/src/components/Basket.js": {"lines":{"total":4,"covered":1,"skipped":0,"pct":25},"functions":{"total":3,"covered":0,"skipped":0,"pct":0},"statements":{"total":4,"covered":1,"skipped":0,"pct":25},"branches":{"total":2,"covered":0,"skipped":0,"pct":0}}
,"/Users/muzamilali/5CCS2SEG/TeamTeam-BookingApp/client/src/components/Contact.js": {"lines":{"total":1,"covered":0,"skipped":0,"pct":0},"functions":{"total":1,"covered":0,"skipped":0,"pct":0},"statements":{"total":1,"covered":0,"skipped":0,"pct":0},"branches":{"total":0,"covered":0,"skipped":0,"pct":100}}
,"/Users/muzamilali/5CCS2SEG/TeamTeam-BookingApp/client/src/components/Home.js": {"lines":{"total":11,"covered":8,"skipped":0,"pct":72.72},"functions":{"total":8,"covered":5,"skipped":0,"pct":62.5},"statements":{"total":12,"covered":8,"skipped":0,"pct":66.66},"branches":{"total":0,"covered":0,"skipped":0,"pct":100}}
,"/Users/muzamilali/5CCS2SEG/TeamTeam-BookingApp/client/src/components/Login.js": {"lines":{"total":58,"covered":2,"skipped":0,"pct":3.44},"functions":{"total":19,"covered":0,"skipped":0,"pct":0},"statements":{"total":58,"covered":2,"skipped":0,"pct":3.44},"branches":{"total":12,"covered":0,"skipped":0,"pct":0}}
,"/Users/muzamilali/5CCS2SEG/TeamTeam-BookingApp/client/src/components/Navbar.js": {"lines":{"total":1,"covered":1,"skipped":0,"pct":100},"functions":{"total":1,"covered":1,"skipped":0,"pct":100},"statements":{"total":1,"covered":1,"skipped":0,"pct":100},"branches":{"total":0,"covered":0,"skipped":0,"pct":100}}
,"/Users/muzamilali/5CCS2SEG/TeamTeam-BookingApp/client/src/components/Events/Event.js": {"lines":{"total":2,"covered":1,"skipped":0,"pct":50},"functions":{"total":1,"covered":0,"skipped":0,"pct":0},"statements":{"total":2,"covered":1,"skipped":0,"pct":50},"branches":{"total":0,"covered":0,"skipped":0,"pct":100}}
,"/Users/muzamilali/5CCS2SEG/TeamTeam-BookingApp/client/src/components/Events/EventDetails.js": {"lines":{"total":14,"covered":1,"skipped":0,"pct":7.14},"functions":{"total":5,"covered":0,"skipped":0,"pct":0},"statements":{"total":14,"covered":1,"skipped":0,"pct":7.14},"branches":{"total":2,"covered":0,"skipped":0,"pct":0}}
,"/Users/muzamilali/5CCS2SEG/TeamTeam-BookingApp/client/src/components/Societies/CreateSocietyForm.jsx": {"lines":{"total":5,"covered":0,"skipped":0,"pct":0},"functions":{"total":2,"covered":0,"skipped":0,"pct":0},"statements":{"total":5,"covered":0,"skipped":0,"pct":0},"branches":{"total":0,"covered":0,"skipped":0,"pct":100}}
,"/Users/muzamilali/5CCS2SEG/TeamTeam-BookingApp/client/src/components/Societies/EditSocietyForm.jsx": {"lines":{"total":2,"covered":0,"skipped":0,"pct":0},"functions":{"total":1,"covered":0,"skipped":0,"pct":0},"statements":{"total":2,"covered":0,"skipped":0,"pct":0},"branches":{"total":0,"covered":0,"skipped":0,"pct":100}}
,"/Users/muzamilali/5CCS2SEG/TeamTeam-BookingApp/client/src/components/Societies/SearchSocieties.jsx": {"lines":{"total":9,"covered":0,"skipped":0,"pct":0},"functions":{"total":4,"covered":0,"skipped":0,"pct":0},"statements":{"total":9,"covered":0,"skipped":0,"pct":0},"branches":{"total":0,"covered":0,"skipped":0,"pct":100}}
,"/Users/muzamilali/5CCS2SEG/TeamTeam-BookingApp/client/src/components/Societies/ViewSociety.jsx": {"lines":{"total":3,"covered":1,"skipped":0,"pct":33.33},"functions":{"total":1,"covered":0,"skipped":0,"pct":0},"statements":{"total":3,"covered":1,"skipped":0,"pct":33.33},"branches":{"total":0,"covered":0,"skipped":0,"pct":100}}
,"/Users/muzamilali/5CCS2SEG/TeamTeam-BookingApp/client/src/components/Societies/ChangeSocietyMembers/AddCommitteeMember.jsx": {"lines":{"total":10,"covered":2,"skipped":0,"pct":20},"functions":{"total":4,"covered":0,"skipped":0,"pct":0},"statements":{"total":10,"covered":2,"skipped":0,"pct":20},"branches":{"total":0,"covered":0,"skipped":0,"pct":100}}
,"/Users/muzamilali/5CCS2SEG/TeamTeam-BookingApp/client/src/components/Societies/ChangeSocietyMembers/EditSocietyCommittee.jsx": {"lines":{"total":12,"covered":1,"skipped":0,"pct":8.33},"functions":{"total":8,"covered":0,"skipped":0,"pct":0},"statements":{"total":16,"covered":1,"skipped":0,"pct":6.25},"branches":{"total":2,"covered":0,"skipped":0,"pct":0}}
,"/Users/muzamilali/5CCS2SEG/TeamTeam-BookingApp/client/src/components/Societies/ChangeSocietyMembers/Member.jsx": {"lines":{"total":3,"covered":1,"skipped":0,"pct":33.33},"functions":{"total":2,"covered":0,"skipped":0,"pct":0},"statements":{"total":3,"covered":1,"skipped":0,"pct":33.33},"branches":{"total":0,"covered":0,"skipped":0,"pct":100}}
,"/Users/muzamilali/5CCS2SEG/TeamTeam-BookingApp/client/src/components/common/Input.jsx": {"lines":{"total":2,"covered":1,"skipped":0,"pct":50},"functions":{"total":1,"covered":0,"skipped":0,"pct":0},"statements":{"total":2,"covered":1,"skipped":0,"pct":50},"branches":{"total":0,"covered":0,"skipped":0,"pct":100}}
,"/Users/muzamilali/5CCS2SEG/TeamTeam-BookingApp/client/src/components/common/Pagination.jsx": {"lines":{"total":9,"covered":2,"skipped":0,"pct":22.22},"functions":{"total":3,"covered":0,"skipped":0,"pct":0},"statements":{"total":10,"covered":2,"skipped":0,"pct":20},"branches":{"total":4,"covered":0,"skipped":0,"pct":0}}
,"/Users/muzamilali/5CCS2SEG/TeamTeam-BookingApp/client/src/components/common/Searchbar.js": {"lines":{"total":4,"covered":2,"skipped":0,"pct":50},"functions":{"total":2,"covered":0,"skipped":0,"pct":0},"statements":{"total":4,"covered":2,"skipped":0,"pct":50},"branches":{"total":0,"covered":0,"skipped":0,"pct":100}}
,"/Users/muzamilali/5CCS2SEG/TeamTeam-BookingApp/client/src/societies/fakeSocieties.js": {"lines":{"total":3,"covered":1,"skipped":0,"pct":33.33},"functions":{"total":3,"covered":0,"skipped":0,"pct":0},"statements":{"total":4,"covered":1,"skipped":0,"pct":25},"branches":{"total":0,"covered":0,"skipped":0,"pct":100}}
,"/Users/muzamilali/5CCS2SEG/TeamTeam-BookingApp/client/src/utils/EventsLogic.js": {"lines":{"total":14,"covered":5,"skipped":0,"pct":35.71},"functions":{"total":2,"covered":1,"skipped":0,"pct":50},"statements":{"total":14,"covered":5,"skipped":0,"pct":35.71},"branches":{"total":0,"covered":0,"skipped":0,"pct":100}}
,"/Users/muzamilali/5CCS2SEG/TeamTeam-BookingApp/client/src/utils/jwt.js": {"lines":{"total":13,"covered":5,"skipped":0,"pct":38.46},"functions":{"total":6,"covered":0,"skipped":0,"pct":0},"statements":{"total":13,"covered":5,"skipped":0,"pct":38.46},"branches":{"total":0,"covered":0,"skipped":0,"pct":100}}
,"/Users/muzamilali/5CCS2SEG/TeamTeam-BookingApp/client/src/utils/paginate.js": {"lines":{"total":2,"covered":0,"skipped":0,"pct":0},"functions":{"total":1,"covered":0,"skipped":0,"pct":0},"statements":{"total":2,"covered":0,"skipped":0,"pct":0},"branches":{"total":0,"covered":0,"skipped":0,"pct":100}}
}
